# JRE version: OpenJDK Runtime Environment (8.0_282-b08) (build 1.8.0_282-b08)
# Java VM: OpenJDK 64-Bit Server VM (25.282-b08 mixed mode linux-amd64 compressed oops)
Heap:
 def new generation   total 4928K, used 1840K [0x00000000f0a00000, 0x00000000f0f50000, 0x00000000f5c00000)
  eden space 4416K,  30% used [0x00000000f0a00000, 0x00000000f0b4c0d8, 0x00000000f0e50000)
  from space 512K, 100% used [0x00000000f0ed0000, 0x00000000f0f50000, 0x00000000f0f50000)
  to   space 512K,   0% used [0x00000000f0e50000, 0x00000000f0e50000, 0x00000000f0ed0000)
 tenured generation   total 10944K, used 5888K [0x00000000f5c00000, 0x00000000f66b0000, 0x0000000100000000)
   the space 10944K,  53% used [0x00000000f5c00000, 0x00000000f61c0250, 0x00000000f61c0400, 0x00000000f66b0000)
 Metaspace       used 19248K, capacity 19496K, committed 19584K, reserved 1067008K
  class space    used 2344K, capacity 2416K, committed 2432K, reserved 1048576K
GC Heap History (50 events):
Event: 0.473 GC heap before
{Heap before GC invocations=0 (full 0):
 def new generation   total 4928K, used 4416K [0x00000000f0a00000, 0x00000000f0f50000, 0x00000000f5c00000)
  eden space 4416K, 100% used [0x00000000f0a00000, 0x00000000f0e50000, 0x00000000f0e50000)
  from space 512K,   0% used [0x00000000f0e50000, 0x00000000f0e50000, 0x00000000f0ed0000)
  to   space 512K,   0% used [0x00000000f0ed0000, 0x00000000f0ed0000, 0x00000000f0f50000)
 tenured generation   total 10944K, used 0K [0x00000000f5c00000, 0x00000000f66b0000, 0x0000000100000000)
   the space 10944K,   0% used [0x00000000f5c00000, 0x00000000f5c00000, 0x00000000f5c00200, 0x00000000f66b0000)
 Metaspace       used 3500K, capacity 4664K, committed 4864K, reserved 1056768K
  class space    used 341K, capacity 424K, committed 512K, reserved 1048576K
Event: 0.475 GC heap after
Heap after GC invocations=1 (full 0):
 def new generation   total 4928K, used 512K [0x00000000f0a00000, 0x00000000f0f50000, 0x00000000f5c00000)
  eden space 4416K,   0% used [0x00000000f0a00000, 0x00000000f0a00000, 0x00000000f0e50000)
  from space 512K, 100% used [0x00000000f0ed0000, 0x00000000f0f50000, 0x00000000f0f50000)
  to   space 512K,   0% used [0x00000000f0e50000, 0x00000000f0e50000, 0x00000000f0ed0000)
 tenured generation   total 10944K, used 405K [0x00000000f5c00000, 0x00000000f66b0000, 0x0000000100000000)
   the space 10944K,   3% used [0x00000000f5c00000, 0x00000000f5c655b8, 0x00000000f5c65600, 0x00000000f66b0000)
 Metaspace       used 3500K, capacity 4664K, committed 4864K, reserved 1056768K
  class space    used 341K, capacity 424K, committed 512K, reserved 1048576K
}
Event: 0.767 GC heap before
{Heap before GC invocations=1 (full 0):
 def new generation   total 4928K, used 4928K [0x00000000f0a00000, 0x00000000f0f50000, 0x00000000f5c00000)
  eden space 4416K, 100% used [0x00000000f0a00000, 0x00000000f0e50000, 0x00000000f0e50000)
  from space 512K, 100% used [0x00000000f0ed0000, 0x00000000f0f50000, 0x00000000f0f50000)
  to   space 512K,   0% used [0x00000000f0e50000, 0x00000000f0e50000, 0x00000000f0ed0000)
 tenured generation   total 10944K, used 405K [0x00000000f5c00000, 0x00000000f66b0000, 0x0000000100000000)
   the space 10944K,   3% used [0x00000000f5c00000, 0x00000000f5c655b8, 0x00000000f5c65600, 0x00000000f66b0000)
 Metaspace       used 4581K, capacity 5018K, committed 5120K, reserved 1056768K
  class space    used 467K, capacity 501K, committed 512K, reserved 1048576K
Event: 0.771 GC heap after
Heap after GC invocations=2 (full 0):
 def new generation   total 4928K, used 512K [0x00000000f0a00000, 0x00000000f0f50000, 0x00000000f5c00000)
  eden space 4416K,   0% used [0x00000000f0a00000, 0x00000000f0a00000, 0x00000000f0e50000)
  from space 512K, 100% used [0x00000000f0e50000, 0x00000000f0ed0000, 0x00000000f0ed0000)
  to   space 512K,   0% used [0x00000000f0ed0000, 0x00000000f0ed0000, 0x00000000f0f50000)
 tenured generation   total 10944K, used 1003K [0x00000000f5c00000, 0x00000000f66b0000, 0x0000000100000000)
   the space 10944K,   9% used [0x00000000f5c00000, 0x00000000f5cfacb8, 0x00000000f5cfae00, 0x00000000f66b0000)
 Metaspace       used 4581K, capacity 5018K, committed 5120K, reserved 1056768K
  class space    used 467K, capacity 501K, committed 512K, reserved 1048576K
}
Event: 0.975 GC heap before
{Heap before GC invocations=2 (full 0):
 def new generation   total 4928K, used 4928K [0x00000000f0a00000, 0x00000000f0f50000, 0x00000000f5c00000)
  eden space 4416K, 100% used [0x00000000f0a00000, 0x00000000f0e50000, 0x00000000f0e50000)
  from space 512K, 100% used [0x00000000f0e50000, 0x00000000f0ed0000, 0x00000000f0ed0000)
  to   space 512K,   0% used [0x00000000f0ed0000, 0x00000000f0ed0000, 0x00000000f0f50000)
 tenured generation   total 10944K, used 1003K [0x00000000f5c00000, 0x00000000f66b0000, 0x0000000100000000)
   the space 10944K,   9% used [0x00000000f5c00000, 0x00000000f5cfacb8, 0x00000000f5cfae00, 0x00000000f66b0000)
 Metaspace       used 5148K, capacity 5370K, committed 5504K, reserved 1056768K
  class space    used 545K, capacity 597K, committed 640K, reserved 1048576K
Event: 0.977 GC heap after
Heap after GC invocations=3 (full 0):
 def new generation   total 4928K, used 365K [0x00000000f0a00000, 0x00000000f0f50000, 0x00000000f5c00000)
  eden space 4416K,   0% used [0x00000000f0a00000, 0x00000000f0a00000, 0x00000000f0e50000)
  from space 512K,  71% used [0x00000000f0ed0000, 0x00000000f0f2b708, 0x00000000f0f50000)
  to   space 512K,   0% used [0x00000000f0e50000, 0x00000000f0e50000, 0x00000000f0ed0000)
 tenured generation   total 10944K, used 1295K [0x00000000f5c00000, 0x00000000f66b0000, 0x0000000100000000)
   the space 10944K,  11% used [0x00000000f5c00000, 0x00000000f5d43c30, 0x00000000f5d43e00, 0x00000000f66b0000)
 Metaspace       used 5148K, capacity 5370K, committed 5504K, reserved 1056768K
  class space    used 545K, capacity 597K, committed 640K, reserved 1048576K
}
Event: 1.147 GC heap before
{Heap before GC invocations=3 (full 0):
 def new generation   total 4928K, used 4781K [0x00000000f0a00000, 0x00000000f0f50000, 0x00000000f5c00000)
  eden space 4416K, 100% used [0x00000000f0a00000, 0x00000000f0e50000, 0x00000000f0e50000)
  from space 512K,  71% used [0x00000000f0ed0000, 0x00000000f0f2b708, 0x00000000f0f50000)
  to   space 512K,   0% used [0x00000000f0e50000, 0x00000000f0e50000, 0x00000000f0ed0000)
 tenured generation   total 10944K, used 1295K [0x00000000f5c00000, 0x00000000f66b0000, 0x0000000100000000)
   the space 10944K,  11% used [0x00000000f5c00000, 0x00000000f5d43c30, 0x00000000f5d43e00, 0x00000000f66b0000)
 Metaspace       used 5883K, capacity 6054K, committed 6144K, reserved 1056768K
  class space    used 643K, capacity 693K, committed 768K, reserved 1048576K
Event: 1.149 GC heap after
Heap after GC invocations=4 (full 0):
 def new generation   total 4928K, used 511K [0x00000000f0a00000, 0x00000000f0f50000, 0x00000000f5c00000)
  eden space 4416K,   0% used [0x00000000f0a00000, 0x00000000f0a00000, 0x00000000f0e50000)
  from space 512K,  99% used [0x00000000f0e50000, 0x00000000f0ecff80, 0x00000000f0ed0000)
  to   space 512K,   0% used [0x00000000f0ed0000, 0x00000000f0ed0000, 0x00000000f0f50000)
 tenured generation   total 10944K, used 1377K [0x00000000f5c00000, 0x00000000f66b0000, 0x0000000100000000)
   the space 10944K,  12% used [0x00000000f5c00000, 0x00000000f5d58558, 0x00000000f5d58600, 0x00000000f66b0000)
 Metaspace       used 5883K, capacity 6054K, committed 6144K, reserved 1056768K
  class space    used 643K, capacity 693K, committed 768K, reserved 1048576K
}
Event: 1.380 GC heap before
{Heap before GC invocations=4 (full 0):
 def new generation   total 4928K, used 4927K [0x00000000f0a00000, 0x00000000f0f50000, 0x00000000f5c00000)
  eden space 4416K, 100% used [0x00000000f0a00000, 0x00000000f0e50000, 0x00000000f0e50000)
  from space 512K,  99% used [0x00000000f0e50000, 0x00000000f0ecff80, 0x00000000f0ed0000)
  to   space 512K,   0% used [0x00000000f0ed0000, 0x00000000f0ed0000, 0x00000000f0f50000)
 tenured generation   total 10944K, used 1377K [0x00000000f5c00000, 0x00000000f66b0000, 0x0000000100000000)
   the space 10944K,  12% used [0x00000000f5c00000, 0x00000000f5d58558, 0x00000000f5d58600, 0x00000000f66b0000)
 Metaspace       used 7608K, capacity 7750K, committed 7936K, reserved 1056768K
  class space    used 864K, capacity 917K, committed 1024K, reserved 1048576K
Event: 1.381 GC heap after
Heap after GC invocations=5 (full 0):
 def new generation   total 4928K, used 512K [0x00000000f0a00000, 0x00000000f0f50000, 0x00000000f5c00000)
  eden space 4416K,   0% used [0x00000000f0a00000, 0x00000000f0a00000, 0x00000000f0e50000)
  from space 512K, 100% used [0x00000000f0ed0000, 0x00000000f0f50000, 0x00000000f0f50000)
  to   space 512K,   0% used [0x00000000f0e50000, 0x00000000f0e50000, 0x00000000f0ed0000)
 tenured generation   total 10944K, used 1666K [0x00000000f5c00000, 0x00000000f66b0000, 0x0000000100000000)
   the space 10944K,  15% used [0x00000000f5c00000, 0x00000000f5da08e8, 0x00000000f5da0a00, 0x00000000f66b0000)
 Metaspace       used 7608K, capacity 7750K, committed 7936K, reserved 1056768K
  class space    used 864K, capacity 917K, committed 1024K, reserved 1048576K
}
Event: 1.826 GC heap before
{Heap before GC invocations=5 (full 0):
 def new generation   total 4928K, used 4928K [0x00000000f0a00000, 0x00000000f0f50000, 0x00000000f5c00000)
  eden space 4416K, 100% used [0x00000000f0a00000, 0x00000000f0e50000, 0x00000000f0e50000)
  from space 512K, 100% used [0x00000000f0ed0000, 0x00000000f0f50000, 0x00000000f0f50000)
  to   space 512K,   0% used [0x00000000f0e50000, 0x00000000f0e50000, 0x00000000f0ed0000)
 tenured generation   total 10944K, used 1666K [0x00000000f5c00000, 0x00000000f66b0000, 0x0000000100000000)
   the space 10944K,  15% used [0x00000000f5c00000, 0x00000000f5da08e8, 0x00000000f5da0a00, 0x00000000f66b0000)
 Metaspace       used 10896K, capacity 11076K, committed 11392K, reserved 1058816K
  class space    used 1248K, capacity 1322K, committed 1408K, reserved 1048576K
Event: 1.832 GC heap after
Heap after GC invocations=6 (full 0):
 def new generation   total 4928K, used 512K [0x00000000f0a00000, 0x00000000f0f50000, 0x00000000f5c00000)
  eden space 4416K,   0% used [0x00000000f0a00000, 0x00000000f0a00000, 0x00000000f0e50000)
  from space 512K, 100% used [0x00000000f0e50000, 0x00000000f0ed0000, 0x00000000f0ed0000)
  to   space 512K,   0% used [0x00000000f0ed0000, 0x00000000f0ed0000, 0x00000000f0f50000)
 tenured generation   total 10944K, used 2168K [0x00000000f5c00000, 0x00000000f66b0000, 0x0000000100000000)
   the space 10944K,  19% used [0x00000000f5c00000, 0x00000000f5e1e078, 0x00000000f5e1e200, 0x00000000f66b0000)
 Metaspace       used 10896K, capacity 11076K, committed 11392K, reserved 1058816K
  class space    used 1248K, capacity 1322K, committed 1408K, reserved 1048576K
}
Event: 1.914 GC heap before
{Heap before GC invocations=6 (full 0):
 def new generation   total 4928K, used 4928K [0x00000000f0a00000, 0x00000000f0f50000, 0x00000000f5c00000)
  eden space 4416K, 100% used [0x00000000f0a00000, 0x00000000f0e50000, 0x00000000f0e50000)
  from space 512K, 100% used [0x00000000f0e50000, 0x00000000f0ed0000, 0x00000000f0ed0000)
  to   space 512K,   0% used [0x00000000f0ed0000, 0x00000000f0ed0000, 0x00000000f0f50000)
 tenured generation   total 10944K, used 2168K [0x00000000f5c00000, 0x00000000f66b0000, 0x0000000100000000)
   the space 10944K,  19% used [0x00000000f5c00000, 0x00000000f5e1e078, 0x00000000f5e1e200, 0x00000000f66b0000)
 Metaspace       used 11132K, capacity 11332K, committed 11392K, reserved 1058816K
  class space    used 1302K, capacity 1386K, committed 1408K, reserved 1048576K
Event: 1.917 GC heap after
Heap after GC invocations=7 (full 0):
 def new generation   total 4928K, used 303K [0x00000000f0a00000, 0x00000000f0f50000, 0x00000000f5c00000)
  eden space 4416K,   0% used [0x00000000f0a00000, 0x00000000f0a00000, 0x00000000f0e50000)
  from space 512K,  59% used [0x00000000f0ed0000, 0x00000000f0f1be48, 0x00000000f0f50000)
  to   space 512K,   0% used [0x00000000f0e50000, 0x00000000f0e50000, 0x00000000f0ed0000)
 tenured generation   total 10944K, used 2678K [0x00000000f5c00000, 0x00000000f66b0000, 0x0000000100000000)
   the space 10944K,  24% used [0x00000000f5c00000, 0x00000000f5e9d9e8, 0x00000000f5e9da00, 0x00000000f66b0000)
 Metaspace       used 11132K, capacity 11332K, committed 11392K, reserved 1058816K
  class space    used 1302K, capacity 1386K, committed 1408K, reserved 1048576K
}
Event: 2.086 GC heap before
{Heap before GC invocations=7 (full 0):
 def new generation   total 4928K, used 4719K [0x00000000f0a00000, 0x00000000f0f50000, 0x00000000f5c00000)
  eden space 4416K, 100% used [0x00000000f0a00000, 0x00000000f0e50000, 0x00000000f0e50000)
  from space 512K,  59% used [0x00000000f0ed0000, 0x00000000f0f1be48, 0x00000000f0f50000)
  to   space 512K,   0% used [0x00000000f0e50000, 0x00000000f0e50000, 0x00000000f0ed0000)
 tenured generation   total 10944K, used 2678K [0x00000000f5c00000, 0x00000000f66b0000, 0x0000000100000000)
   the space 10944K,  24% used [0x00000000f5c00000, 0x00000000f5e9d9e8, 0x00000000f5e9da00, 0x00000000f66b0000)
 Metaspace       used 12391K, capacity 12580K, committed 12800K, reserved 1060864K
  class space    used 1429K, capacity 1482K, committed 1536K, reserved 1048576K
Event: 2.101 GC heap after
Heap after GC invocations=8 (full 0):
 def new generation   total 4928K, used 512K [0x00000000f0a00000, 0x00000000f0f50000, 0x00000000f5c00000)
  eden space 4416K,   0% used [0x00000000f0a00000, 0x00000000f0a00000, 0x00000000f0e50000)
  from space 512K, 100% used [0x00000000f0e50000, 0x00000000f0ed0000, 0x00000000f0ed0000)
  to   space 512K,   0% used [0x00000000f0ed0000, 0x00000000f0ed0000, 0x00000000f0f50000)
 tenured generation   total 10944K, used 3008K [0x00000000f5c00000, 0x00000000f66b0000, 0x0000000100000000)
   the space 10944K,  27% used [0x00000000f5c00000, 0x00000000f5ef01a8, 0x00000000f5ef0200, 0x00000000f66b0000)
 Metaspace       used 12391K, capacity 12580K, committed 12800K, reserved 1060864K
  class space    used 1429K, capacity 1482K, committed 1536K, reserved 1048576K
}
Event: 2.163 GC heap before
{Heap before GC invocations=8 (full 0):
 def new generation   total 4928K, used 4928K [0x00000000f0a00000, 0x00000000f0f50000, 0x00000000f5c00000)
  eden space 4416K, 100% used [0x00000000f0a00000, 0x00000000f0e50000, 0x00000000f0e50000)
  from space 512K, 100% used [0x00000000f0e50000, 0x00000000f0ed0000, 0x00000000f0ed0000)
  to   space 512K,   0% used [0x00000000f0ed0000, 0x00000000f0ed0000, 0x00000000f0f50000)
 tenured generation   total 10944K, used 3008K [0x00000000f5c00000, 0x00000000f66b0000, 0x0000000100000000)
   the space 10944K,  27% used [0x00000000f5c00000, 0x00000000f5ef01a8, 0x00000000f5ef0200, 0x00000000f66b0000)
 Metaspace       used 12713K, capacity 12900K, committed 13184K, reserved 1060864K
  class space    used 1474K, capacity 1546K, committed 1664K, reserved 1048576K
Event: 2.165 GC heap after
Heap after GC invocations=9 (full 0):
 def new generation   total 4928K, used 365K [0x00000000f0a00000, 0x00000000f0f50000, 0x00000000f5c00000)
  eden space 4416K,   0% used [0x00000000f0a00000, 0x00000000f0a00000, 0x00000000f0e50000)
  from space 512K,  71% used [0x00000000f0ed0000, 0x00000000f0f2b768, 0x00000000f0f50000)
  to   space 512K,   0% used [0x00000000f0e50000, 0x00000000f0e50000, 0x00000000f0ed0000)
 tenured generation   total 10944K, used 3399K [0x00000000f5c00000, 0x00000000f66b0000, 0x0000000100000000)
   the space 10944K,  31% used [0x00000000f5c00000, 0x00000000f5f51fa0, 0x00000000f5f52000, 0x00000000f66b0000)
 Metaspace       used 12713K, capacity 12900K, committed 13184K, reserved 1060864K
  class space    used 1474K, capacity 1546K, committed 1664K, reserved 1048576K
}
Event: 2.259 GC heap before
{Heap before GC invocations=9 (full 0):
 def new generation   total 4928K, used 4781K [0x00000000f0a00000, 0x00000000f0f50000, 0x00000000f5c00000)
  eden space 4416K, 100% used [0x00000000f0a00000, 0x00000000f0e50000, 0x00000000f0e50000)
  from space 512K,  71% used [0x00000000f0ed0000, 0x00000000f0f2b768, 0x00000000f0f50000)
  to   space 512K,   0% used [0x00000000f0e50000, 0x00000000f0e50000, 0x00000000f0ed0000)
 tenured generation   total 10944K, used 3399K [0x00000000f5c00000, 0x00000000f66b0000, 0x0000000100000000)
   the space 10944K,  31% used [0x00000000f5c00000, 0x00000000f5f51fa0, 0x00000000f5f52000, 0x00000000f66b0000)
 Metaspace       used 12936K, capacity 13220K, committed 13440K, reserved 1060864K
  class space    used 1517K, capacity 1610K, committed 1664K, reserved 1048576K
Event: 2.260 GC heap after
Heap after GC invocations=10 (full 0):
 def new generation   total 4928K, used 289K [0x00000000f0a00000, 0x00000000f0f50000, 0x00000000f5c00000)
  eden space 4416K,   0% used [0x00000000f0a00000, 0x00000000f0a00000, 0x00000000f0e50000)
  from space 512K,  56% used [0x00000000f0e50000, 0x00000000f0e98488, 0x00000000f0ed0000)
  to   space 512K,   0% used [0x00000000f0ed0000, 0x00000000f0ed0000, 0x00000000f0f50000)
 tenured generation   total 10944K, used 3500K [0x00000000f5c00000, 0x00000000f66b0000, 0x0000000100000000)
   the space 10944K,  31% used [0x00000000f5c00000, 0x00000000f5f6b310, 0x00000000f5f6b400, 0x00000000f66b0000)
 Metaspace       used 12936K, capacity 13220K, committed 13440K, reserved 1060864K
  class space    used 1517K, capacity 1610K, committed 1664K, reserved 1048576K
}
Event: 2.294 GC heap before
{Heap before GC invocations=10 (full 0):
 def new generation   total 4928K, used 4705K [0x00000000f0a00000, 0x00000000f0f50000, 0x00000000f5c00000)
  eden space 4416K, 100% used [0x00000000f0a00000, 0x00000000f0e50000, 0x00000000f0e50000)
  from space 512K,  56% used [0x00000000f0e50000, 0x00000000f0e98488, 0x00000000f0ed0000)
  to   space 512K,   0% used [0x00000000f0ed0000, 0x00000000f0ed0000, 0x00000000f0f50000)
 tenured generation   total 10944K, used 3500K [0x00000000f5c00000, 0x00000000f66b0000, 0x0000000100000000)
   the space 10944K,  31% used [0x00000000f5c00000, 0x00000000f5f6b310, 0x00000000f5f6b400, 0x00000000f66b0000)
 Metaspace       used 13140K, capacity 13386K, committed 13440K, reserved 1060864K
  class space    used 1553K, capacity 1643K, committed 1664K, reserved 1048576K
Event: 2.295 GC heap after
Heap after GC invocations=11 (full 0):
 def new generation   total 4928K, used 267K [0x00000000f0a00000, 0x00000000f0f50000, 0x00000000f5c00000)
  eden space 4416K,   0% used [0x00000000f0a00000, 0x00000000f0a00000, 0x00000000f0e50000)
  from space 512K,  52% used [0x00000000f0ed0000, 0x00000000f0f12e90, 0x00000000f0f50000)
  to   space 512K,   0% used [0x00000000f0e50000, 0x00000000f0e50000, 0x00000000f0ed0000)
 tenured generation   total 10944K, used 3560K [0x00000000f5c00000, 0x00000000f66b0000, 0x0000000100000000)
   the space 10944K,  32% used [0x00000000f5c00000, 0x00000000f5f7a0b0, 0x00000000f5f7a200, 0x00000000f66b0000)
 Metaspace       used 13140K, capacity 13386K, committed 13440K, reserved 1060864K
  class space    used 1553K, capacity 1643K, committed 1664K, reserved 1048576K
}
Event: 2.398 GC heap before
{Heap before GC invocations=11 (full 0):
 def new generation   total 4928K, used 4683K [0x00000000f0a00000, 0x00000000f0f50000, 0x00000000f5c00000)
  eden space 4416K, 100% used [0x00000000f0a00000, 0x00000000f0e50000, 0x00000000f0e50000)
  from space 512K,  52% used [0x00000000f0ed0000, 0x00000000f0f12e90, 0x00000000f0f50000)
  to   space 512K,   0% used [0x00000000f0e50000, 0x00000000f0e50000, 0x00000000f0ed0000)
 tenured generation   total 10944K, used 3560K [0x00000000f5c00000, 0x00000000f66b0000, 0x0000000100000000)
   the space 10944K,  32% used [0x00000000f5c00000, 0x00000000f5f7a0b0, 0x00000000f5f7a200, 0x00000000f66b0000)
 Metaspace       used 13413K, capacity 13680K, committed 13824K, reserved 1060864K
  class space    used 1585K, capacity 1676K, committed 1792K, reserved 1048576K
Event: 2.401 GC heap after
Heap after GC invocations=12 (full 0):
 def new generation   total 4928K, used 305K [0x00000000f0a00000, 0x00000000f0f50000, 0x00000000f5c00000)
  eden space 4416K,   0% used [0x00000000f0a00000, 0x00000000f0a00000, 0x00000000f0e50000)
  from space 512K,  59% used [0x00000000f0e50000, 0x00000000f0e9c650, 0x00000000f0ed0000)
  to   space 512K,   0% used [0x00000000f0ed0000, 0x00000000f0ed0000, 0x00000000f0f50000)
 tenured generation   total 10944K, used 3594K [0x00000000f5c00000, 0x00000000f66b0000, 0x0000000100000000)
   the space 10944K,  32% used [0x00000000f5c00000, 0x00000000f5f82a80, 0x00000000f5f82c00, 0x00000000f66b0000)
 Metaspace       used 13413K, capacity 13680K, committed 13824K, reserved 1060864K
  class space    used 1585K, capacity 1676K, committed 1792K, reserved 1048576K
}
Event: 2.501 GC heap before
{Heap before GC invocations=12 (full 0):
 def new generation   total 4928K, used 4721K [0x00000000f0a00000, 0x00000000f0f50000, 0x00000000f5c00000)
  eden space 4416K, 100% used [0x00000000f0a00000, 0x00000000f0e50000, 0x00000000f0e50000)
  from space 512K,  59% used [0x00000000f0e50000, 0x00000000f0e9c650, 0x00000000f0ed0000)
  to   space 512K,   0% used [0x00000000f0ed0000, 0x00000000f0ed0000, 0x00000000f0f50000)
 tenured generation   total 10944K, used 3594K [0x00000000f5c00000, 0x00000000f66b0000, 0x0000000100000000)
   the space 10944K,  32% used [0x00000000f5c00000, 0x00000000f5f82a80, 0x00000000f5f82c00, 0x00000000f66b0000)
 Metaspace       used 13852K, capacity 14096K, committed 14336K, reserved 1062912K
  class space    used 1635K, capacity 1708K, committed 1792K, reserved 1048576K
Event: 2.503 GC heap after
Heap after GC invocations=13 (full 0):
 def new generation   total 4928K, used 437K [0x00000000f0a00000, 0x00000000f0f50000, 0x00000000f5c00000)
  eden space 4416K,   0% used [0x00000000f0a00000, 0x00000000f0a00000, 0x00000000f0e50000)
  from space 512K,  85% used [0x00000000f0ed0000, 0x00000000f0f3d5d0, 0x00000000f0f50000)
  to   space 512K,   0% used [0x00000000f0e50000, 0x00000000f0e50000, 0x00000000f0ed0000)
 tenured generation   total 10944K, used 3676K [0x00000000f5c00000, 0x00000000f66b0000, 0x0000000100000000)
   the space 10944K,  33% used [0x00000000f5c00000, 0x00000000f5f971b8, 0x00000000f5f97200, 0x00000000f66b0000)
 Metaspace       used 13852K, capacity 14096K, committed 14336K, reserved 1062912K
  class space    used 1635K, capacity 1708K, committed 1792K, reserved 1048576K
}
Event: 2.597 GC heap before
{Heap before GC invocations=13 (full 0):
 def new generation   total 4928K, used 4853K [0x00000000f0a00000, 0x00000000f0f50000, 0x00000000f5c00000)
  eden space 4416K, 100% used [0x00000000f0a00000, 0x00000000f0e50000, 0x00000000f0e50000)
  from space 512K,  85% used [0x00000000f0ed0000, 0x00000000f0f3d5d0, 0x00000000f0f50000)
  to   space 512K,   0% used [0x00000000f0e50000, 0x00000000f0e50000, 0x00000000f0ed0000)
 tenured generation   total 10944K, used 3676K [0x00000000f5c00000, 0x00000000f66b0000, 0x0000000100000000)
   the space 10944K,  33% used [0x00000000f5c00000, 0x00000000f5f971b8, 0x00000000f5f97200, 0x00000000f66b0000)
 Metaspace       used 14067K, capacity 14256K, committed 14336K, reserved 1062912K
  class space    used 1663K, capacity 1740K, committed 1792K, reserved 1048576K
Event: 2.600 GC heap after
Heap after GC invocations=14 (full 0):
 def new generation   total 4928K, used 304K [0x00000000f0a00000, 0x00000000f0f50000, 0x00000000f5c00000)
  eden space 4416K,   0% used [0x00000000f0a00000, 0x00000000f0a00000, 0x00000000f0e50000)
  from space 512K,  59% used [0x00000000f0e50000, 0x00000000f0e9c3b0, 0x00000000f0ed0000)
  to   space 512K,   0% used [0x00000000f0ed0000, 0x00000000f0ed0000, 0x00000000f0f50000)
 tenured generation   total 10944K, used 3788K [0x00000000f5c00000, 0x00000000f66b0000, 0x0000000100000000)
   the space 10944K,  34% used [0x00000000f5c00000, 0x00000000f5fb3050, 0x00000000f5fb3200, 0x00000000f66b0000)
 Metaspace       used 14067K, capacity 14256K, committed 14336K, reserved 1062912K
  class space    used 1663K, capacity 1740K, committed 1792K, reserved 1048576K
}
Event: 2.608 GC heap before
{Heap before GC invocations=14 (full 0):
 def new generation   total 4928K, used 4718K [0x00000000f0a00000, 0x00000000f0f50000, 0x00000000f5c00000)
  eden space 4416K,  99% used [0x00000000f0a00000, 0x00000000f0e4f638, 0x00000000f0e50000)
  from space 512K,  59% used [0x00000000f0e50000, 0x00000000f0e9c3b0, 0x00000000f0ed0000)
  to   space 512K,   0% used [0x00000000f0ed0000, 0x00000000f0ed0000, 0x00000000f0f50000)
 tenured generation   total 10944K, used 3788K [0x00000000f5c00000, 0x00000000f66b0000, 0x0000000100000000)
   the space 10944K,  34% used [0x00000000f5c00000, 0x00000000f5fb3050, 0x00000000f5fb3200, 0x00000000f66b0000)
 Metaspace       used 14083K, capacity 14320K, committed 14592K, reserved 1062912K
  class space    used 1666K, capacity 1740K, committed 1792K, reserved 1048576K
Event: 2.609 GC heap after
Heap after GC invocations=15 (full 0):
 def new generation   total 4928K, used 112K [0x00000000f0a00000, 0x00000000f0f50000, 0x00000000f5c00000)
  eden space 4416K,   0% used [0x00000000f0a00000, 0x00000000f0a00000, 0x00000000f0e50000)
  from space 512K,  21% used [0x00000000f0ed0000, 0x00000000f0eec150, 0x00000000f0f50000)
  to   space 512K,   0% used [0x00000000f0e50000, 0x00000000f0e50000, 0x00000000f0ed0000)
 tenured generation   total 10944K, used 3872K [0x00000000f5c00000, 0x00000000f66b0000, 0x0000000100000000)
   the space 10944K,  35% used [0x00000000f5c00000, 0x00000000f5fc8040, 0x00000000f5fc8200, 0x00000000f66b0000)
 Metaspace       used 14083K, capacity 14320K, committed 14592K, reserved 1062912K
  class space    used 1666K, capacity 1740K, committed 1792K, reserved 1048576K
}
Event: 2.610 GC heap before
{Heap before GC invocations=15 (full 0):
 def new generation   total 4928K, used 4500K [0x00000000f0a00000, 0x00000000f0f50000, 0x00000000f5c00000)
  eden space 4416K,  99% used [0x00000000f0a00000, 0x00000000f0e49178, 0x00000000f0e50000)
  from space 512K,  21% used [0x00000000f0ed0000, 0x00000000f0eec150, 0x00000000f0f50000)
  to   space 512K,   0% used [0x00000000f0e50000, 0x00000000f0e50000, 0x00000000f0ed0000)
 tenured generation   total 10944K, used 3872K [0x00000000f5c00000, 0x00000000f66b0000, 0x0000000100000000)
   the space 10944K,  35% used [0x00000000f5c00000, 0x00000000f5fc8040, 0x00000000f5fc8200, 0x00000000f66b0000)
 Metaspace       used 14083K, capacity 14320K, committed 14592K, reserved 1062912K
  class space    used 1666K, capacity 1740K, committed 1792K, reserved 1048576K
Event: 2.611 GC heap after
Heap after GC invocations=16 (full 0):
 def new generation   total 4928K, used 106K [0x00000000f0a00000, 0x00000000f0f50000, 0x00000000f5c00000)
  eden space 4416K,   0% used [0x00000000f0a00000, 0x00000000f0a00000, 0x00000000f0e50000)
  from space 512K,  20% used [0x00000000f0e50000, 0x00000000f0e6abe0, 0x00000000f0ed0000)
  to   space 512K,   0% used [0x00000000f0ed0000, 0x00000000f0ed0000, 0x00000000f0f50000)
 tenured generation   total 10944K, used 3872K [0x00000000f5c00000, 0x00000000f66b0000, 0x0000000100000000)
   the space 10944K,  35% used [0x00000000f5c00000, 0x00000000f5fc8040, 0x00000000f5fc8200, 0x00000000f66b0000)
 Metaspace       used 14083K, capacity 14320K, committed 14592K, reserved 1062912K
  class space    used 1666K, capacity 1740K, committed 1792K, reserved 1048576K
}
Event: 2.616 GC heap before
{Heap before GC invocations=16 (full 0):
 def new generation   total 4928K, used 4492K [0x00000000f0a00000, 0x00000000f0f50000, 0x00000000f5c00000)
  eden space 4416K,  99% used [0x00000000f0a00000, 0x00000000f0e48718, 0x00000000f0e50000)
  from space 512K,  20% used [0x00000000f0e50000, 0x00000000f0e6abe0, 0x00000000f0ed0000)
  to   space 512K,   0% used [0x00000000f0ed0000, 0x00000000f0ed0000, 0x00000000f0f50000)
 tenured generation   total 10944K, used 3872K [0x00000000f5c00000, 0x00000000f66b0000, 0x0000000100000000)
   the space 10944K,  35% used [0x00000000f5c00000, 0x00000000f5fc8040, 0x00000000f5fc8200, 0x00000000f66b0000)
 Metaspace       used 14083K, capacity 14320K, committed 14592K, reserved 1062912K
  class space    used 1666K, capacity 1740K, committed 1792K, reserved 1048576K
Event: 2.616 GC heap after
Heap after GC invocations=17 (full 0):
 def new generation   total 4928K, used 114K [0x00000000f0a00000, 0x00000000f0f50000, 0x00000000f5c00000)
  eden space 4416K,   0% used [0x00000000f0a00000, 0x00000000f0a00000, 0x00000000f0e50000)
  from space 512K,  22% used [0x00000000f0ed0000, 0x00000000f0eecb28, 0x00000000f0f50000)
  to   space 512K,   0% used [0x00000000f0e50000, 0x00000000f0e50000, 0x00000000f0ed0000)
 tenured generation   total 10944K, used 3872K [0x00000000f5c00000, 0x00000000f66b0000, 0x0000000100000000)
   the space 10944K,  35% used [0x00000000f5c00000, 0x00000000f5fc8040, 0x00000000f5fc8200, 0x00000000f66b0000)
 Metaspace       used 14083K, capacity 14320K, committed 14592K, reserved 1062912K
  class space    used 1666K, capacity 1740K, committed 1792K, reserved 1048576K
}
Event: 2.702 GC heap before
{Heap before GC invocations=17 (full 0):
 def new generation   total 4928K, used 4530K [0x00000000f0a00000, 0x00000000f0f50000, 0x00000000f5c00000)
  eden space 4416K, 100% used [0x00000000f0a00000, 0x00000000f0e50000, 0x00000000f0e50000)
  from space 512K,  22% used [0x00000000f0ed0000, 0x00000000f0eecb28, 0x00000000f0f50000)
  to   space 512K,   0% used [0x00000000f0e50000, 0x00000000f0e50000, 0x00000000f0ed0000)
 tenured generation   total 10944K, used 3872K [0x00000000f5c00000, 0x00000000f66b0000, 0x0000000100000000)
   the space 10944K,  35% used [0x00000000f5c00000, 0x00000000f5fc8040, 0x00000000f5fc8200, 0x00000000f66b0000)
 Metaspace       used 14461K, capacity 14742K, committed 14848K, reserved 1062912K
  class space    used 1702K, capacity 1773K, committed 1792K, reserved 1048576K
Event: 2.705 GC heap after
Heap after GC invocations=18 (full 0):
 def new generation   total 4928K, used 419K [0x00000000f0a00000, 0x00000000f0f50000, 0x00000000f5c00000)
  eden space 4416K,   0% used [0x00000000f0a00000, 0x00000000f0a00000, 0x00000000f0e50000)
  from space 512K,  81% used [0x00000000f0e50000, 0x00000000f0eb8eb0, 0x00000000f0ed0000)
  to   space 512K,   0% used [0x00000000f0ed0000, 0x00000000f0ed0000, 0x00000000f0f50000)
 tenured generation   total 10944K, used 3872K [0x00000000f5c00000, 0x00000000f66b0000, 0x0000000100000000)
   the space 10944K,  35% used [0x00000000f5c00000, 0x00000000f5fc8040, 0x00000000f5fc8200, 0x00000000f66b0000)
 Metaspace       used 14461K, capacity 14742K, committed 14848K, reserved 1062912K
  class space    used 1702K, capacity 1773K, committed 1792K, reserved 1048576K
}
Event: 2.810 GC heap before
{Heap before GC invocations=18 (full 0):
 def new generation   total 4928K, used 4835K [0x00000000f0a00000, 0x00000000f0f50000, 0x00000000f5c00000)
  eden space 4416K, 100% used [0x00000000f0a00000, 0x00000000f0e50000, 0x00000000f0e50000)
  from space 512K,  81% used [0x00000000f0e50000, 0x00000000f0eb8eb0, 0x00000000f0ed0000)
  to   space 512K,   0% used [0x00000000f0ed0000, 0x00000000f0ed0000, 0x00000000f0f50000)
 tenured generation   total 10944K, used 3872K [0x00000000f5c00000, 0x00000000f66b0000, 0x0000000100000000)
   the space 10944K,  35% used [0x00000000f5c00000, 0x00000000f5fc8040, 0x00000000f5fc8200, 0x00000000f66b0000)
 Metaspace       used 14815K, capacity 15062K, committed 15232K, reserved 1062912K
  class space    used 1771K, capacity 1837K, committed 1920K, reserved 1048576K
Event: 2.812 GC heap after
Heap after GC invocations=19 (full 0):
 def new generation   total 4928K, used 365K [0x00000000f0a00000, 0x00000000f0f50000, 0x00000000f5c00000)
  eden space 4416K,   0% used [0x00000000f0a00000, 0x00000000f0a00000, 0x00000000f0e50000)
  from space 512K,  71% used [0x00000000f0ed0000, 0x00000000f0f2b7c0, 0x00000000f0f50000)
  to   space 512K,   0% used [0x00000000f0e50000, 0x00000000f0e50000, 0x00000000f0ed0000)
 tenured generation   total 10944K, used 4147K [0x00000000f5c00000, 0x00000000f66b0000, 0x0000000100000000)
   the space 10944K,  37% used [0x00000000f5c00000, 0x00000000f600cd48, 0x00000000f600ce00, 0x00000000f66b0000)
 Metaspace       used 14815K, capacity 15062K, committed 15232K, reserved 1062912K
  class space    used 1771K, capacity 1837K, committed 1920K, reserved 1048576K
}
Event: 2.967 GC heap before
{Heap before GC invocations=19 (full 0):
 def new generation   total 4928K, used 4781K [0x00000000f0a00000, 0x00000000f0f50000, 0x00000000f5c00000)
  eden space 4416K, 100% used [0x00000000f0a00000, 0x00000000f0e50000, 0x00000000f0e50000)
  from space 512K,  71% used [0x00000000f0ed0000, 0x00000000f0f2b7c0, 0x00000000f0f50000)
  to   space 512K,   0% used [0x00000000f0e50000, 0x00000000f0e50000, 0x00000000f0ed0000)
 tenured generation   total 10944K, used 4147K [0x00000000f5c00000, 0x00000000f66b0000, 0x0000000100000000)
   the space 10944K,  37% used [0x00000000f5c00000, 0x00000000f600cd48, 0x00000000f600ce00, 0x00000000f66b0000)
 Metaspace       used 15261K, capacity 15478K, committed 15872K, reserved 1062912K
  class space    used 1868K, capacity 1933K, committed 2048K, reserved 1048576K
Event: 2.973 GC heap after
Heap after GC invocations=20 (full 0):
 def new generation   total 4928K, used 422K [0x00000000f0a00000, 0x00000000f0f50000, 0x00000000f5c00000)
  eden space 4416K,   0% used [0x00000000f0a00000, 0x00000000f0a00000, 0x00000000f0e50000)
  from space 512K,  82% used [0x00000000f0e50000, 0x00000000f0eb9ac0, 0x00000000f0ed0000)
  to   space 512K,   0% used [0x00000000f0ed0000, 0x00000000f0ed0000, 0x00000000f0f50000)
 tenured generation   total 10944K, used 4226K [0x00000000f5c00000, 0x00000000f66b0000, 0x0000000100000000)
   the space 10944K,  38% used [0x00000000f5c00000, 0x00000000f6020a60, 0x00000000f6020c00, 0x00000000f66b0000)
 Metaspace       used 15261K, capacity 15478K, committed 15872K, reserved 1062912K
  class space    used 1868K, capacity 1933K, committed 2048K, reserved 1048576K
}
Event: 3.148 GC heap before
{Heap before GC invocations=20 (full 0):
 def new generation   total 4928K, used 4838K [0x00000000f0a00000, 0x00000000f0f50000, 0x00000000f5c00000)
  eden space 4416K, 100% used [0x00000000f0a00000, 0x00000000f0e50000, 0x00000000f0e50000)
  from space 512K,  82% used [0x00000000f0e50000, 0x00000000f0eb9ac0, 0x00000000f0ed0000)
  to   space 512K,   0% used [0x00000000f0ed0000, 0x00000000f0ed0000, 0x00000000f0f50000)
 tenured generation   total 10944K, used 4226K [0x00000000f5c00000, 0x00000000f66b0000, 0x0000000100000000)
   the space 10944K,  38% used [0x00000000f5c00000, 0x00000000f6020a60, 0x00000000f6020c00, 0x00000000f66b0000)
 Metaspace       used 15679K, capacity 15894K, committed 16128K, reserved 1062912K
  class space    used 1918K, capacity 1965K, committed 2048K, reserved 1048576K
Event: 3.150 GC heap after
Heap after GC invocations=21 (full 0):
 def new generation   total 4928K, used 476K [0x00000000f0a00000, 0x00000000f0f50000, 0x00000000f5c00000)
  eden space 4416K,   0% used [0x00000000f0a00000, 0x00000000f0a00000, 0x00000000f0e50000)
  from space 512K,  93% used [0x00000000f0ed0000, 0x00000000f0f470b8, 0x00000000f0f50000)
  to   space 512K,   0% used [0x00000000f0e50000, 0x00000000f0e50000, 0x00000000f0ed0000)
 tenured generation   total 10944K, used 4320K [0x00000000f5c00000, 0x00000000f66b0000, 0x0000000100000000)
   the space 10944K,  39% used [0x00000000f5c00000, 0x00000000f6038100, 0x00000000f6038200, 0x00000000f66b0000)
 Metaspace       used 15679K, capacity 15894K, committed 16128K, reserved 1062912K
  class space    used 1918K, capacity 1965K, committed 2048K, reserved 1048576K
}
Event: 3.308 GC heap before
{Heap before GC invocations=21 (full 0):
 def new generation   total 4928K, used 4892K [0x00000000f0a00000, 0x00000000f0f50000, 0x00000000f5c00000)
  eden space 4416K, 100% used [0x00000000f0a00000, 0x00000000f0e50000, 0x00000000f0e50000)
  from space 512K,  93% used [0x00000000f0ed0000, 0x00000000f0f470b8, 0x00000000f0f50000)
  to   space 512K,   0% used [0x00000000f0e50000, 0x00000000f0e50000, 0x00000000f0ed0000)
 tenured generation   total 10944K, used 4320K [0x00000000f5c00000, 0x00000000f66b0000, 0x0000000100000000)
   the space 10944K,  39% used [0x00000000f5c00000, 0x00000000f6038100, 0x00000000f6038200, 0x00000000f66b0000)
 Metaspace       used 16117K, capacity 16342K, committed 16640K, reserved 1064960K
  class space    used 1971K, capacity 2029K, committed 2048K, reserved 1048576K
Event: 3.310 GC heap after
Heap after GC invocations=22 (full 0):
 def new generation   total 4928K, used 501K [0x00000000f0a00000, 0x00000000f0f50000, 0x00000000f5c00000)
  eden space 4416K,   0% used [0x00000000f0a00000, 0x00000000f0a00000, 0x00000000f0e50000)
  from space 512K,  97% used [0x00000000f0e50000, 0x00000000f0ecd5b8, 0x00000000f0ed0000)
  to   space 512K,   0% used [0x00000000f0ed0000, 0x00000000f0ed0000, 0x00000000f0f50000)
 tenured generation   total 10944K, used 4535K [0x00000000f5c00000, 0x00000000f66b0000, 0x0000000100000000)
   the space 10944K,  41% used [0x00000000f5c00000, 0x00000000f606ddf8, 0x00000000f606de00, 0x00000000f66b0000)
 Metaspace       used 16117K, capacity 16342K, committed 16640K, reserved 1064960K
  class space    used 1971K, capacity 2029K, committed 2048K, reserved 1048576K
}
Event: 3.620 GC heap before
{Heap before GC invocations=22 (full 0):
 def new generation   total 4928K, used 4917K [0x00000000f0a00000, 0x00000000f0f50000, 0x00000000f5c00000)
  eden space 4416K, 100% used [0x00000000f0a00000, 0x00000000f0e50000, 0x00000000f0e50000)
  from space 512K,  97% used [0x00000000f0e50000, 0x00000000f0ecd5b8, 0x00000000f0ed0000)
  to   space 512K,   0% used [0x00000000f0ed0000, 0x00000000f0ed0000, 0x00000000f0f50000)
 tenured generation   total 10944K, used 4535K [0x00000000f5c00000, 0x00000000f66b0000, 0x0000000100000000)
   the space 10944K,  41% used [0x00000000f5c00000, 0x00000000f606ddf8, 0x00000000f606de00, 0x00000000f66b0000)
 Metaspace       used 16570K, capacity 16828K, committed 17024K, reserved 1064960K
  class space    used 2051K, capacity 2126K, committed 2176K, reserved 1048576K
Event: 3.623 GC heap after
Heap after GC invocations=23 (full 0):
 def new generation   total 4928K, used 511K [0x00000000f0a00000, 0x00000000f0f50000, 0x00000000f5c00000)
  eden space 4416K,   0% used [0x00000000f0a00000, 0x00000000f0a00000, 0x00000000f0e50000)
  from space 512K,  99% used [0x00000000f0ed0000, 0x00000000f0f4fee0, 0x00000000f0f50000)
  to   space 512K,   0% used [0x00000000f0e50000, 0x00000000f0e50000, 0x00000000f0ed0000)
 tenured generation   total 10944K, used 4632K [0x00000000f5c00000, 0x00000000f66b0000, 0x0000000100000000)
   the space 10944K,  42% used [0x00000000f5c00000, 0x00000000f60860d0, 0x00000000f6086200, 0x00000000f66b0000)
 Metaspace       used 16570K, capacity 16828K, committed 17024K, reserved 1064960K
  class space    used 2051K, capacity 2126K, committed 2176K, reserved 1048576K
}
Event: 4.045 GC heap before
{Heap before GC invocations=23 (full 0):
 def new generation   total 4928K, used 4913K [0x00000000f0a00000, 0x00000000f0f50000, 0x00000000f5c00000)
  eden space 4416K,  99% used [0x00000000f0a00000, 0x00000000f0e4c888, 0x00000000f0e50000)
  from space 512K,  99% used [0x00000000f0ed0000, 0x00000000f0f4fee0, 0x00000000f0f50000)
  to   space 512K,   0% used [0x00000000f0e50000, 0x00000000f0e50000, 0x00000000f0ed0000)
 tenured generation   total 10944K, used 4632K [0x00000000f5c00000, 0x00000000f66b0000, 0x0000000100000000)
   the space 10944K,  42% used [0x00000000f5c00000, 0x00000000f60860d0, 0x00000000f6086200, 0x00000000f66b0000)
 Metaspace       used 18801K, capacity 19048K, committed 19328K, reserved 1067008K
  class space    used 2282K, capacity 2352K, committed 2432K, reserved 1048576K
Event: 4.049 GC heap after
Heap after GC invocations=24 (full 0):
 def new generation   total 4928K, used 512K [0x00000000f0a00000, 0x00000000f0f50000, 0x00000000f5c00000)
  eden space 4416K,   0% used [0x00000000f0a00000, 0x00000000f0a00000, 0x00000000f0e50000)
  from space 512K, 100% used [0x00000000f0e50000, 0x00000000f0ed0000, 0x00000000f0ed0000)
  to   space 512K,   0% used [0x00000000f0ed0000, 0x00000000f0ed0000, 0x00000000f0f50000)
 tenured generation   total 10944K, used 5194K [0x00000000f5c00000, 0x00000000f66b0000, 0x0000000100000000)
   the space 10944K,  47% used [0x00000000f5c00000, 0x00000000f6112900, 0x00000000f6112a00, 0x00000000f66b0000)
 Metaspace       used 18801K, capacity 19048K, committed 19328K, reserved 1067008K
  class space    used 2282K, capacity 2352K, committed 2432K, reserved 1048576K
}
Event: 4.299 GC heap before
{Heap before GC invocations=24 (full 0):
 def new generation   total 4928K, used 4928K [0x00000000f0a00000, 0x00000000f0f50000, 0x00000000f5c00000)
  eden space 4416K, 100% used [0x00000000f0a00000, 0x00000000f0e50000, 0x00000000f0e50000)
  from space 512K, 100% used [0x00000000f0e50000, 0x00000000f0ed0000, 0x00000000f0ed0000)
  to   space 512K,   0% used [0x00000000f0ed0000, 0x00000000f0ed0000, 0x00000000f0f50000)
 tenured generation   total 10944K, used 5194K [0x00000000f5c00000, 0x00000000f66b0000, 0x0000000100000000)
   the space 10944K,  47% used [0x00000000f5c00000, 0x00000000f6112900, 0x00000000f6112a00, 0x00000000f66b0000)
 Metaspace       used 19140K, capacity 19400K, committed 19584K, reserved 1067008K
  class space    used 2326K, capacity 2384K, committed 2432K, reserved 1048576K
Event: 4.303 GC heap after
Heap after GC invocations=25 (full 0):
 def new generation   total 4928K, used 512K [0x00000000f0a00000, 0x00000000f0f50000, 0x00000000f5c00000)
  eden space 4416K,   0% used [0x00000000f0a00000, 0x00000000f0a00000, 0x00000000f0e50000)
  from space 512K, 100% used [0x00000000f0ed0000, 0x00000000f0f50000, 0x00000000f0f50000)
  to   space 512K,   0% used [0x00000000f0e50000, 0x00000000f0e50000, 0x00000000f0ed0000)
 tenured generation   total 10944K, used 5888K [0x00000000f5c00000, 0x00000000f66b0000, 0x0000000100000000)
   the space 10944K,  53% used [0x00000000f5c00000, 0x00000000f61c0250, 0x00000000f61c0400, 0x00000000f66b0000)
 Metaspace       used 19140K, capacity 19400K, committed 19584K, reserved 1067008K
  class space    used 2326K, capacity 2384K, committed 2432K, reserved 1048576K
}

